<?xml version="1.0" encoding="UTF-8"?>
<!-- Generated by org.testng.reporters.JUnitXMLReporter -->
<testsuite ignored="0" hostname="BAKRGOUTH" failures="1" tests="6" name="Test" time="18.162" errors="0" timestamp="03 Feb 2025 13:06:59 GMT">
  <testcase classname="test.TEST001Test" name="test11Test" time="3.041"/>
  <testcase classname="test.TEST001Test" name="test12Test" time="3.012"/>
  <testcase classname="test.TEST001Test" name="test13Test" time="3.019">
    <skipped/>
  </testcase> <!-- test13Test -->
  <testcase classname="test.TEST001Test" name="test13Test" time="3.009">
    <skipped/>
  </testcase> <!-- test13Test -->
  <testcase classname="test.TEST001Test" name="test13Test" time="3.005">
    <skipped/>
  </testcase> <!-- test13Test -->
  <testcase classname="test.TEST001Test" name="test13Test" time="3.008">
    <failure type="java.lang.AssertionError" message="expected [true] but found [false]">
      <![CDATA[java.lang.AssertionError: expected [true] but found [false]
	at test.TEST001Test.test13Test(TEST001Test.java:35)
... Removed 27 stack frames]]>
    </failure>
  </testcase> <!-- test13Test -->
</testsuite> <!-- Test -->
